build/intermediates/manifest_merge_blame_file/aospWithQuickstepOmegaDebug/manifest-merger-blame-aosp-withQuickstep-omega-debug-report.txt
1<?xml version="1.0" encoding="utf-8"?>
2<!--
3/*
4**
5** Copyright 2017, The Android Open Source Project
6**
7** Licensed under the Apache License, Version 2.0 (the "License");
8** you may not use this file except in compliance with the License.
9** You may obtain a copy of the License at
10**
11**     http://www.apache.org/licenses/LICENSE-2.0
12**
13** Unless required by applicable law or agreed to in writing, software
14** distributed under the License is distributed on an "AS IS" BASIS,
15** WITHOUT WARRANTIES OR CONDITIONS OF ANY KIND, either express or implied.
16** See the License for the specific language governing permissions and
17** limitations under the License.
18*/
19-->
20<manifest xmlns:android="http://schemas.android.com/apk/res/android"
21    package="com.saggitt.omega.dev"
22    android:versionCode="2"
23    android:versionName="1" >
24
25    <uses-sdk
26        android:minSdkVersion="26"
27        android:targetSdkVersion="30" />
28
29    <permission
29-->LeOS-Launcher/quickstep/AndroidManifest.xml:24:5-27:55
30        android:name="com.saggitt.omega.dev.permission.HOTSEAT_EDU"
30-->LeOS-Launcher/quickstep/AndroidManifest.xml:25:9-61
31        android:permissionGroup="android.permission-group.SYSTEM_TOOLS"
31-->LeOS-Launcher/quickstep/AndroidManifest.xml:26:9-72
32        android:protectionLevel="signatureOrSystem" />
32-->LeOS-Launcher/quickstep/AndroidManifest.xml:27:9-52
33
34    <uses-permission android:name="android.permission.CONTROL_REMOTE_APP_TRANSITION_ANIMATIONS" />
34-->LeOS-Launcher/quickstep/AndroidManifest.xml:29:5-99
34-->LeOS-Launcher/quickstep/AndroidManifest.xml:29:22-96
35    <uses-permission android:name="android.permission.VIBRATE" />
35-->LeOS-Launcher/quickstep/AndroidManifest.xml:30:5-66
35-->LeOS-Launcher/quickstep/AndroidManifest.xml:30:22-63
36    <uses-permission android:name="android.permission.QUERY_ALL_PACKAGES" />
36-->Android-apps/LeOS-Launcher/AndroidManifest-common.xml:54:5-77
36-->Android-apps/LeOS-Launcher/AndroidManifest-common.xml:54:22-74
37    <uses-permission android:name="com.saggitt.omega.dev.permission.HOTSEAT_EDU" />
37-->LeOS-Launcher/quickstep/AndroidManifest.xml:32:5-77
37-->LeOS-Launcher/quickstep/AndroidManifest.xml:32:22-74
38
39    <uses-feature
39-->LeOS-Launcher/Omega/AndroidManifest.xml:22:5-24:36
40        android:name="android.hardware.telephony"
40-->LeOS-Launcher/Omega/AndroidManifest.xml:23:9-50
41        android:required="false" /> <!-- Pixel -->
41-->LeOS-Launcher/Omega/AndroidManifest.xml:24:9-33
42    <permission
42-->LeOS-Launcher/Omega/AndroidManifest.xml:27:5-30:55
43        android:name="com.saggitt.omega.dev.permission.QSB"
43-->LeOS-Launcher/Omega/AndroidManifest.xml:28:9-55
44        android:permissionGroup="android.permission-group.SYSTEM_TOOLS"
44-->LeOS-Launcher/Omega/AndroidManifest.xml:29:9-72
45        android:protectionLevel="signatureOrSystem" />
45-->LeOS-Launcher/Omega/AndroidManifest.xml:30:9-52
46
47    <uses-permission android:name="com.android.launcher.permission.READ_SETTINGS" />
47-->LeOS-Launcher/Omega/AndroidManifest.xml:32:5-85
47-->LeOS-Launcher/Omega/AndroidManifest.xml:32:22-82
48    <uses-permission android:name="com.android.launcher.permission.WRITE_SETTINGS" />
48-->LeOS-Launcher/Omega/AndroidManifest.xml:33:5-86
48-->LeOS-Launcher/Omega/AndroidManifest.xml:33:22-83
49    <uses-permission android:name="com.google.android.apps.nexuslauncher.permission.READ_SETTINGS" />
49-->LeOS-Launcher/Omega/AndroidManifest.xml:34:5-102
49-->LeOS-Launcher/Omega/AndroidManifest.xml:34:22-99
50    <uses-permission android:name="com.google.android.apps.nexuslauncher.permission.WRITE_SETTINGS" />
50-->LeOS-Launcher/Omega/AndroidManifest.xml:35:5-103
50-->LeOS-Launcher/Omega/AndroidManifest.xml:35:22-100
51    <uses-permission android:name="com.saggitt.omega.dev.permission.READ_SETTINGS" />
52    <uses-permission android:name="com.saggitt.omega.dev.permission.WRITE_SETTINGS" />
53    <uses-permission android:name="com.saggitt.omega.dev.permission.QSB" />
53-->LeOS-Launcher/Omega/AndroidManifest.xml:38:5-71
53-->LeOS-Launcher/Omega/AndroidManifest.xml:38:22-68
54    <uses-permission android:name="android.permission.START_TASKS_FROM_RECENTS" />
54-->LeOS-Launcher/Omega/AndroidManifest.xml:39:5-41:47
54-->LeOS-Launcher/Omega/AndroidManifest.xml:40:9-67
55    <uses-permission android:name="android.permission.INTERACT_ACROSS_USERS" />
55-->LeOS-Launcher/Omega/AndroidManifest.xml:42:5-44:47
55-->LeOS-Launcher/Omega/AndroidManifest.xml:43:9-64
56    <uses-permission android:name="android.permission.CREATE_USERS" />
56-->LeOS-Launcher/Omega/AndroidManifest.xml:45:5-47:47
56-->LeOS-Launcher/Omega/AndroidManifest.xml:46:9-55
57    <uses-permission android:name="android.permission.MANAGE_USERS" />
57-->LeOS-Launcher/Omega/AndroidManifest.xml:48:5-50:47
57-->LeOS-Launcher/Omega/AndroidManifest.xml:49:9-55
58    <uses-permission android:name="android.permission.FORCE_STOP_PACKAGES" />
58-->LeOS-Launcher/Omega/AndroidManifest.xml:51:5-53:47
58-->LeOS-Launcher/Omega/AndroidManifest.xml:52:9-62
59    <uses-permission android:name="android.permission.MANAGE_DEVICE_ADMINS" />
59-->LeOS-Launcher/Omega/AndroidManifest.xml:54:5-56:47
59-->LeOS-Launcher/Omega/AndroidManifest.xml:55:9-63
60    <uses-permission android:name="android.permission.WRITE_SECURE_SETTINGS" />
60-->Android-apps/LeOS-Launcher/AndroidManifest-common.xml:57:5-80
60-->Android-apps/LeOS-Launcher/AndroidManifest-common.xml:57:22-77
61    <uses-permission android:name="android.permission.EXPAND_STATUS_BAR" />
61-->LeOS-Launcher/Omega/AndroidManifest.xml:60:5-76
61-->LeOS-Launcher/Omega/AndroidManifest.xml:60:22-73
62    <uses-permission android:name="android.permission.STATUS_BAR" />
62-->LeOS-Launcher/Omega/AndroidManifest.xml:61:5-63:47
62-->LeOS-Launcher/Omega/AndroidManifest.xml:62:9-53
63    <uses-permission android:name="android.permission.WRITE_EXTERNAL_STORAGE" />
63-->LeOS-Launcher/Omega/AndroidManifest.xml:64:5-81
63-->LeOS-Launcher/Omega/AndroidManifest.xml:64:22-78
64    <uses-permission android:name="android.permission.READ_EXTERNAL_STORAGE" />
64-->Android-apps/LeOS-Launcher/AndroidManifest-common.xml:50:5-80
64-->Android-apps/LeOS-Launcher/AndroidManifest-common.xml:50:22-77
65    <uses-permission android:name="android.permission.ACCESS_MEDIA_LOCATION" />
65-->LeOS-Launcher/Omega/AndroidManifest.xml:66:5-80
65-->LeOS-Launcher/Omega/AndroidManifest.xml:66:22-77
66    <uses-permission android:name="android.permission.MANAGE_EXTERNAL_STORAGE" />
66-->LeOS-Launcher/Omega/AndroidManifest.xml:67:5-69:40
66-->LeOS-Launcher/Omega/AndroidManifest.xml:68:9-66
67    <uses-permission android:name="android.permission.READ_PHONE_STATE" />
67-->LeOS-Launcher/Omega/AndroidManifest.xml:70:5-75
67-->LeOS-Launcher/Omega/AndroidManifest.xml:70:22-72
68    <uses-permission android:name="android.permission.READ_CALENDAR" />
68-->LeOS-Launcher/Omega/AndroidManifest.xml:71:5-72
68-->LeOS-Launcher/Omega/AndroidManifest.xml:71:22-69
69    <uses-permission android:name="android.permission.SET_WALLPAPER" />
69-->Android-apps/LeOS-Launcher/AndroidManifest-common.xml:47:5-72
69-->Android-apps/LeOS-Launcher/AndroidManifest-common.xml:47:22-69
70    <uses-permission android:name="android.permission.INSTALL_SHORTCUT" />
70-->LeOS-Launcher/Omega/AndroidManifest.xml:73:5-75
70-->LeOS-Launcher/Omega/AndroidManifest.xml:73:22-72
71    <uses-permission android:name="android.permission.WRITE_SETTINGS" />
71-->Android-apps/LeOS-Launcher/AndroidManifest-common.xml:41:5-73
71-->Android-apps/LeOS-Launcher/AndroidManifest-common.xml:41:22-70
72    <uses-permission android:name="android.permission.READ_WALLPAPER_INTERNAL" />
72-->LeOS-Launcher/Omega/AndroidManifest.xml:77:5-79:47
72-->LeOS-Launcher/Omega/AndroidManifest.xml:78:9-66
73    <uses-permission android:name="android.permission.DEVICE_POWER" />
73-->LeOS-Launcher/Omega/AndroidManifest.xml:80:5-82:47
73-->LeOS-Launcher/Omega/AndroidManifest.xml:81:9-55
74    <uses-permission android:name="android.permission.INTERNET" />
74-->LeOS-Launcher/Omega/AndroidManifest.xml:83:5-67
74-->LeOS-Launcher/Omega/AndroidManifest.xml:83:22-64
75    <uses-permission android:name="com.huawei.wallpaperservcie.permission.SET_WALLPAPER_OFFSET" />
75-->LeOS-Launcher/Omega/AndroidManifest.xml:84:5-99
75-->LeOS-Launcher/Omega/AndroidManifest.xml:84:22-96
76    <uses-permission android:name="com.huawei.android.thememanager.permission.ACCESS_CHANGE_WALLPAPER" />
76-->LeOS-Launcher/Omega/AndroidManifest.xml:85:5-106
76-->LeOS-Launcher/Omega/AndroidManifest.xml:85:22-103
77    <uses-permission android:name="android.permission.BIND_APPWIDGET" /> <!-- For weather / sunset/-rise -->
77-->Android-apps/LeOS-Launcher/AndroidManifest-common.xml:49:5-73
77-->Android-apps/LeOS-Launcher/AndroidManifest-common.xml:49:22-70
78    <uses-permission android:name="android.permission.ACCESS_COARSE_LOCATION" />
78-->LeOS-Launcher/Omega/AndroidManifest.xml:90:5-81
78-->LeOS-Launcher/Omega/AndroidManifest.xml:90:22-78
79    <uses-permission android:name="org.pixelexperience.weather.client.READ_WEATHER" /> <!-- App prediction -->
79-->LeOS-Launcher/Omega/AndroidManifest.xml:91:5-87
79-->LeOS-Launcher/Omega/AndroidManifest.xml:91:22-84
80    <uses-permission android:name="android.permission.PACKAGE_USAGE_STATS" />
80-->LeOS-Launcher/Omega/AndroidManifest.xml:93:5-95:47
80-->LeOS-Launcher/Omega/AndroidManifest.xml:94:9-62
81    <uses-permission android:name="android.permission.SYSTEM_ALERT_WINDOW" />
81-->LeOS-Launcher/Omega/AndroidManifest.xml:96:5-77
81-->LeOS-Launcher/Omega/AndroidManifest.xml:96:22-75
82    <uses-permission android:name="android.permission.READ_DEVICE_CONFIG" />
82-->Android-apps/LeOS-Launcher/AndroidManifest-common.xml:53:5-77
82-->Android-apps/LeOS-Launcher/AndroidManifest-common.xml:53:22-74
83    <!--
84    The manifest defines the common entries that should be present in any derivative of Launcher3.
85    The components should generally not require any changes.
86
87    Rest of the components are defined in AndroidManifest.xml which is merged with this manifest
88    at compile time. Note that the components defined in AndroidManifest.xml are also required,
89    with some minor changed based on the derivative app.
90    -->
91    <permission
91-->Android-apps/LeOS-Launcher/AndroidManifest-common.xml:32:5-37:67
92        android:name="com.android.launcher.permission.INSTALL_SHORTCUT"
92-->Android-apps/LeOS-Launcher/AndroidManifest-common.xml:33:9-72
93        android:description="@string/permdesc_install_shortcut"
93-->Android-apps/LeOS-Launcher/AndroidManifest-common.xml:37:9-64
94        android:label="@string/permlab_install_shortcut"
94-->Android-apps/LeOS-Launcher/AndroidManifest-common.xml:36:9-57
95        android:permissionGroup="android.permission-group.SYSTEM_TOOLS"
95-->Android-apps/LeOS-Launcher/AndroidManifest-common.xml:34:9-72
96        android:protectionLevel="dangerous" />
96-->Android-apps/LeOS-Launcher/AndroidManifest-common.xml:35:9-44
97
98    <uses-permission android:name="android.permission.WRITE_SYNC_SETTINGS" />
98-->Android-apps/LeOS-Launcher/AndroidManifest-common.xml:39:5-78
98-->Android-apps/LeOS-Launcher/AndroidManifest-common.xml:39:22-75
99    <uses-permission android:name="android.permission.READ_SYNC_SETTINGS" />
99-->Android-apps/LeOS-Launcher/AndroidManifest-common.xml:40:5-77
99-->Android-apps/LeOS-Launcher/AndroidManifest-common.xml:40:22-74
100    <uses-permission android:name="android.permission.ACCESS_NETWORK_STATE" />
100-->Android-apps/LeOS-Launcher/AndroidManifest-common.xml:42:5-79
100-->Android-apps/LeOS-Launcher/AndroidManifest-common.xml:42:22-76
101    <uses-permission android:name="android.permission.ACCESS_WIFI_STATE" />
101-->Android-apps/LeOS-Launcher/AndroidManifest-common.xml:43:5-76
101-->Android-apps/LeOS-Launcher/AndroidManifest-common.xml:43:22-73
102    <uses-permission android:name="android.permission.BLUETOOTH" />
102-->Android-apps/LeOS-Launcher/AndroidManifest-common.xml:44:5-68
102-->Android-apps/LeOS-Launcher/AndroidManifest-common.xml:44:22-65
103    <uses-permission android:name="android.permission.BLUETOOTH_ADMIN" />
103-->Android-apps/LeOS-Launcher/AndroidManifest-common.xml:45:5-74
103-->Android-apps/LeOS-Launcher/AndroidManifest-common.xml:45:22-71
104    <uses-permission android:name="android.permission.CALL_PHONE" />
104-->Android-apps/LeOS-Launcher/AndroidManifest-common.xml:46:5-69
104-->Android-apps/LeOS-Launcher/AndroidManifest-common.xml:46:22-66
105    <uses-permission android:name="android.permission.SET_WALLPAPER_HINTS" />
105-->Android-apps/LeOS-Launcher/AndroidManifest-common.xml:48:5-78
105-->Android-apps/LeOS-Launcher/AndroidManifest-common.xml:48:22-75
106    <uses-permission android:name="android.permission.RECEIVE_BOOT_COMPLETED" />
106-->Android-apps/LeOS-Launcher/AndroidManifest-common.xml:51:5-81
106-->Android-apps/LeOS-Launcher/AndroidManifest-common.xml:51:22-78
107    <uses-permission android:name="android.permission.REQUEST_DELETE_PACKAGES" />
107-->Android-apps/LeOS-Launcher/AndroidManifest-common.xml:52:5-82
107-->Android-apps/LeOS-Launcher/AndroidManifest-common.xml:52:22-79
108    <!--
109    Permissions required for read/write access to the workspace data. These permission name
110    should not conflict with that defined in other apps, as such an app should embed its package
111    name in the permissions. eq com.mypackage.permission.READ_SETTINGS
112    -->
113    <permission
114        android:name="com.saggitt.omega.dev.permission.READ_SETTINGS"
115        android:description="@string/permdesc_read_settings"
116        android:label="@string/permlab_read_settings"
117        android:permissionGroup="android.permission-group.SYSTEM_TOOLS"
118        android:protectionLevel="signatureOrSystem" />
119    <permission
120        android:name="com.saggitt.omega.dev.permission.WRITE_SETTINGS"
121        android:description="@string/permdesc_write_settings"
122        android:label="@string/permlab_write_settings"
123        android:permissionGroup="android.permission-group.SYSTEM_TOOLS"
124        android:protectionLevel="signatureOrSystem" />
125
126    <uses-feature
126-->[com.github.LawnchairLauncher:hoko-lite:0e21db9ae5] AndroidManifest.xml:11:5-13:35
127        android:glEsVersion="0x00020000"
127-->[com.github.LawnchairLauncher:hoko-lite:0e21db9ae5] AndroidManifest.xml:12:9-41
128        android:required="true" />
128-->[com.github.LawnchairLauncher:hoko-lite:0e21db9ae5] AndroidManifest.xml:13:9-32
129
130    <application
130-->Android-apps/LeOS-Launcher/AndroidManifest-common.xml:80:5-204:19
131        android:name="com.saggitt.omega.OmegaApp"
131-->LeOS-Launcher/Omega/AndroidManifest.xml:101:9-50
132        android:allowBackup="true"
132-->[com.github.LawnchairLauncher:hoko-lite:0e21db9ae5] AndroidManifest.xml:16:9-35
133        android:appComponentFactory="androidx.core.app.CoreComponentFactory"
133-->[androidx.core:core:1.6.0] AndroidManifest.xml:24:18-86
134        android:backupAgent="com.android.launcher3.LauncherBackupAgent"
134-->Android-apps/LeOS-Launcher/AndroidManifest-common.xml:81:9-72
135        android:backupInForeground="true"
135-->Android-apps/LeOS-Launcher/AndroidManifest-common.xml:83:9-42
136        android:debuggable="true"
137        android:exported="true"
137-->LeOS-Launcher/quickstep/AndroidManifest.xml:43:9-32
138        android:extractNativeLibs="false"
139        android:fullBackupContent="@xml/backupscheme"
139-->Android-apps/LeOS-Launcher/AndroidManifest-common.xml:84:9-54
140        android:fullBackupOnly="true"
140-->Android-apps/LeOS-Launcher/AndroidManifest-common.xml:82:9-38
141        android:hardwareAccelerated="true"
141-->Android-apps/LeOS-Launcher/AndroidManifest-common.xml:85:9-43
142        android:icon="@mipmap/ic_launcher_debug"
142-->LeOS-Launcher/Omega/AndroidManifest.xml:107:9-34
143        android:label="@string/derived_app_name"
143-->Android-apps/LeOS-Launcher/AndroidManifest-common.xml:86:9-49
144        android:largeHeap="@bool/config_largeHeap"
144-->Android-apps/LeOS-Launcher/AndroidManifest-common.xml:87:9-51
145        android:networkSecurityConfig="@xml/network_security_config"
145-->LeOS-Launcher/Omega/AndroidManifest.xml:104:9-69
146        android:restoreAnyVersion="true"
146-->Android-apps/LeOS-Launcher/AndroidManifest-common.xml:88:9-41
147        android:roundIcon="@mipmap/ic_launcher_round_debug"
147-->LeOS-Launcher/Omega/AndroidManifest.xml:108:9-44
148        android:supportsRtl="true"
148-->Android-apps/LeOS-Launcher/AndroidManifest-common.xml:89:9-35
149        android:testOnly="true"
150        android:theme="@style/AppTheme" >
150-->LeOS-Launcher/quickstep/AndroidManifest.xml:40:9-40
151        <service
151-->LeOS-Launcher/quickstep/AndroidManifest.xml:46:9-53:19
152            android:name="com.android.quickstep.TouchInteractionService"
152-->LeOS-Launcher/quickstep/AndroidManifest.xml:47:13-73
153            android:directBootAware="true"
153-->LeOS-Launcher/quickstep/AndroidManifest.xml:49:13-43
154            android:permission="android.permission.STATUS_BAR_SERVICE" >
154-->LeOS-Launcher/quickstep/AndroidManifest.xml:48:13-71
155            <intent-filter>
155-->LeOS-Launcher/quickstep/AndroidManifest.xml:50:13-52:29
156                <action android:name="android.intent.action.QUICKSTEP_SERVICE" />
156-->LeOS-Launcher/quickstep/AndroidManifest.xml:51:17-82
156-->LeOS-Launcher/quickstep/AndroidManifest.xml:51:25-79
157            </intent-filter>
158        </service>
159
160        <activity
160-->LeOS-Launcher/quickstep/AndroidManifest.xml:55:9-66:39
161            android:name="com.android.quickstep.RecentsActivity"
161-->LeOS-Launcher/quickstep/AndroidManifest.xml:55:19-71
162            android:clearTaskOnLaunch="true"
162-->LeOS-Launcher/quickstep/AndroidManifest.xml:58:13-45
163            android:configChanges="keyboard|keyboardHidden|mcc|mnc|navigation|orientation|screenSize|screenLayout|smallestScreenSize"
163-->LeOS-Launcher/quickstep/AndroidManifest.xml:62:13-134
164            android:excludeFromRecents="true"
164-->LeOS-Launcher/quickstep/AndroidManifest.xml:56:13-46
165            android:exported="true"
165-->LeOS-Launcher/quickstep/AndroidManifest.xml:65:13-36
166            android:launchMode="singleTask"
166-->LeOS-Launcher/quickstep/AndroidManifest.xml:57:13-44
167            android:resizeableActivity="true"
167-->LeOS-Launcher/quickstep/AndroidManifest.xml:63:13-46
168            android:resumeWhilePausing="true"
168-->LeOS-Launcher/quickstep/AndroidManifest.xml:64:13-46
169            android:screenOrientation="unspecified"
169-->LeOS-Launcher/quickstep/AndroidManifest.xml:61:13-52
170            android:stateNotNeeded="true"
170-->LeOS-Launcher/quickstep/AndroidManifest.xml:59:13-42
171            android:taskAffinity=""
171-->LeOS-Launcher/quickstep/AndroidManifest.xml:66:13-36
172            android:theme="@style/LauncherTheme" />
172-->LeOS-Launcher/quickstep/AndroidManifest.xml:60:13-49
173
174        <!-- Content provider to settings search. The autority should be same as the packageName -->
175        <provider
175-->LeOS-Launcher/quickstep/AndroidManifest.xml:69:9-79:20
176            android:name="com.android.quickstep.LauncherSearchIndexablesProvider"
176-->LeOS-Launcher/quickstep/AndroidManifest.xml:70:13-82
177            android:authorities="com.saggitt.omega.dev"
177-->LeOS-Launcher/quickstep/AndroidManifest.xml:71:13-49
178            android:exported="true"
178-->LeOS-Launcher/quickstep/AndroidManifest.xml:75:13-36
179            android:grantUriPermissions="true"
179-->LeOS-Launcher/quickstep/AndroidManifest.xml:72:13-47
180            android:multiprocess="true"
180-->LeOS-Launcher/quickstep/AndroidManifest.xml:73:13-40
181            android:permission="android.permission.READ_SEARCH_INDEXABLES" >
181-->LeOS-Launcher/quickstep/AndroidManifest.xml:74:13-75
182            <intent-filter>
182-->LeOS-Launcher/quickstep/AndroidManifest.xml:76:13-78:29
183                <action android:name="android.content.action.SEARCH_INDEXABLES_PROVIDER" />
183-->LeOS-Launcher/quickstep/AndroidManifest.xml:77:17-92
183-->LeOS-Launcher/quickstep/AndroidManifest.xml:77:25-89
184            </intent-filter>
185        </provider>
186
187        <activity
187-->LeOS-Launcher/quickstep/AndroidManifest.xml:97:9-102:40
188            android:name="com.android.launcher3.proxy.ProxyActivityStarter"
188-->LeOS-Launcher/quickstep/AndroidManifest.xml:98:13-76
189            android:clearTaskOnLaunch="true"
189-->LeOS-Launcher/quickstep/AndroidManifest.xml:101:13-45
190            android:exported="false"
190-->LeOS-Launcher/quickstep/AndroidManifest.xml:102:13-37
191            android:launchMode="singleTask"
191-->LeOS-Launcher/quickstep/AndroidManifest.xml:100:13-44
192            android:theme="@android:style/Theme.Translucent.NoTitleBar.Fullscreen" />
192-->LeOS-Launcher/quickstep/AndroidManifest.xml:99:13-83
193        <activity
193-->LeOS-Launcher/quickstep/AndroidManifest.xml:104:9-113:20
194            android:name="com.android.quickstep.interaction.GestureSandboxActivity"
194-->LeOS-Launcher/quickstep/AndroidManifest.xml:105:13-84
195            android:autoRemoveFromRecents="true"
195-->LeOS-Launcher/quickstep/AndroidManifest.xml:106:13-49
196            android:excludeFromRecents="true"
196-->LeOS-Launcher/quickstep/AndroidManifest.xml:107:13-46
197            android:screenOrientation="portrait" >
197-->LeOS-Launcher/quickstep/AndroidManifest.xml:108:13-49
198            <intent-filter>
198-->LeOS-Launcher/quickstep/AndroidManifest.xml:109:13-112:29
199                <action android:name="com.android.quickstep.action.GESTURE_SANDBOX" />
199-->LeOS-Launcher/quickstep/AndroidManifest.xml:110:17-87
199-->LeOS-Launcher/quickstep/AndroidManifest.xml:110:25-84
200
201                <category android:name="android.intent.category.DEFAULT" />
201-->Android-apps/LeOS-Launcher/AndroidManifest-common.xml:177:17-76
201-->Android-apps/LeOS-Launcher/AndroidManifest-common.xml:177:27-73
202            </intent-filter>
203        </activity>
204        <activity
204-->LeOS-Launcher/quickstep/AndroidManifest.xml:114:9-125:20
205            android:name="com.android.launcher3.hybridhotseat.HotseatEduActivity"
205-->LeOS-Launcher/quickstep/AndroidManifest.xml:115:13-61
206            android:clearTaskOnLaunch="true"
206-->LeOS-Launcher/quickstep/AndroidManifest.xml:116:13-45
207            android:launchMode="singleTask"
207-->LeOS-Launcher/quickstep/AndroidManifest.xml:117:13-44
208            android:noHistory="true"
208-->LeOS-Launcher/quickstep/AndroidManifest.xml:118:13-37
209            android:permission="com.saggitt.omega.dev.permission.HOTSEAT_EDU"
209-->LeOS-Launcher/quickstep/AndroidManifest.xml:119:13-71
210            android:theme="@android:style/Theme.NoDisplay" >
210-->LeOS-Launcher/quickstep/AndroidManifest.xml:120:13-59
211            <intent-filter>
211-->LeOS-Launcher/quickstep/AndroidManifest.xml:121:13-124:29
212                <action android:name="com.android.launcher3.action.SHOW_HYBRID_HOTSEAT_EDU" />
212-->LeOS-Launcher/quickstep/AndroidManifest.xml:122:17-95
212-->LeOS-Launcher/quickstep/AndroidManifest.xml:122:25-92
213
214                <category android:name="android.intent.category.DEFAULT" />
214-->Android-apps/LeOS-Launcher/AndroidManifest-common.xml:177:17-76
214-->Android-apps/LeOS-Launcher/AndroidManifest-common.xml:177:27-73
215            </intent-filter>
216        </activity>
217
218        <service
218-->LeOS-Launcher/quickstep/AndroidManifest.xml:127:9-131:72
219            android:name="com.android.launcher3.uioverrides.WallpaperManagerCompat$ColorExtractionService"
219-->LeOS-Launcher/quickstep/AndroidManifest.xml:128:13-107
220            android:exported="false"
220-->LeOS-Launcher/quickstep/AndroidManifest.xml:129:13-37
221            android:permission="android.permission.BIND_JOB_SERVICE"
221-->LeOS-Launcher/quickstep/AndroidManifest.xml:131:13-69
222            android:process=":wallpaper_chooser" />
222-->LeOS-Launcher/quickstep/AndroidManifest.xml:130:13-49
223        <!--
224        Main launcher activity. When extending only change the name, and keep all the
225        attributes and intent filters the same
226        -->
227        <activity
227-->LeOS-Launcher/Omega/AndroidManifest.xml:124:9-149:20
228            android:name="com.saggitt.omega.OmegaLauncher"
228-->LeOS-Launcher/Omega/AndroidManifest.xml:125:13-59
229            android:clearTaskOnLaunch="true"
229-->LeOS-Launcher/Omega/AndroidManifest.xml:126:13-45
230            android:configChanges="keyboard|keyboardHidden|mcc|mnc|navigation|orientation|screenSize|screenLayout|smallestScreenSize"
230-->LeOS-Launcher/Omega/AndroidManifest.xml:127:13-134
231            android:enabled="true"
231-->LeOS-Launcher/Omega/AndroidManifest.xml:128:13-35
232            android:label="@string/derived_app_name"
232-->LeOS-Launcher/Omega/AndroidManifest.xml:129:13-53
233            android:launchMode="singleTask"
233-->LeOS-Launcher/Omega/AndroidManifest.xml:130:13-44
234            android:resizeableActivity="true"
234-->LeOS-Launcher/Omega/AndroidManifest.xml:131:13-46
235            android:resumeWhilePausing="true"
235-->LeOS-Launcher/Omega/AndroidManifest.xml:132:13-46
236            android:screenOrientation="unspecified"
236-->LeOS-Launcher/Omega/AndroidManifest.xml:133:13-52
237            android:stateNotNeeded="true"
237-->LeOS-Launcher/Omega/AndroidManifest.xml:134:13-42
238            android:taskAffinity=""
238-->LeOS-Launcher/Omega/AndroidManifest.xml:135:13-36
239            android:windowSoftInputMode="adjustPan" >
239-->LeOS-Launcher/Omega/AndroidManifest.xml:136:13-52
240            <intent-filter>
240-->LeOS-Launcher/Omega/AndroidManifest.xml:137:13-145:29
241                <action android:name="android.intent.action.MAIN" />
241-->Android-apps/LeOS-Launcher/AndroidManifest-common.xml:198:17-69
241-->Android-apps/LeOS-Launcher/AndroidManifest-common.xml:198:25-66
242
243                <category android:name="android.intent.category.HOME" />
243-->LeOS-Launcher/Omega/AndroidManifest.xml:140:17-73
243-->LeOS-Launcher/Omega/AndroidManifest.xml:140:27-70
244                <category android:name="android.intent.category.DEFAULT" />
244-->Android-apps/LeOS-Launcher/AndroidManifest-common.xml:177:17-76
244-->Android-apps/LeOS-Launcher/AndroidManifest-common.xml:177:27-73
245                <category android:name="android.intent.category.MONKEY" />
245-->LeOS-Launcher/Omega/AndroidManifest.xml:142:17-75
245-->LeOS-Launcher/Omega/AndroidManifest.xml:142:27-72
246                <category android:name="android.intent.category.LAUNCHER" />
246-->LeOS-Launcher/Omega/AndroidManifest.xml:143:17-77
246-->LeOS-Launcher/Omega/AndroidManifest.xml:143:27-74
247                <category android:name="android.intent.category.LAUNCHER_APP" />
247-->LeOS-Launcher/Omega/AndroidManifest.xml:144:17-81
247-->LeOS-Launcher/Omega/AndroidManifest.xml:144:27-78
248            </intent-filter>
249
250            <meta-data
250-->LeOS-Launcher/Omega/AndroidManifest.xml:146:13-148:63
251                android:name="com.android.launcher3.grid.control"
251-->LeOS-Launcher/Omega/AndroidManifest.xml:147:17-66
252                android:value="com.saggitt.omega.dev.grid_control" />
252-->LeOS-Launcher/Omega/AndroidManifest.xml:148:17-60
253        </activity>
254        <activity
254-->LeOS-Launcher/Omega/AndroidManifest.xml:154:9-164:20
255            android:name="com.saggitt.omega.settings.SettingsActivity"
255-->LeOS-Launcher/Omega/AndroidManifest.xml:155:13-71
256            android:autoRemoveFromRecents="true"
256-->LeOS-Launcher/Omega/AndroidManifest.xml:156:13-49
257            android:label="@string/derived_app_name"
257-->LeOS-Launcher/Omega/AndroidManifest.xml:157:13-53
258            android:taskAffinity="com.saggitt.omega.dev.tasks.SETTINGS"
258-->LeOS-Launcher/Omega/AndroidManifest.xml:158:13-67
259            android:theme="@style/SettingsTheme_Light" >
259-->LeOS-Launcher/Omega/AndroidManifest.xml:159:13-55
260            <intent-filter>
260-->Android-apps/LeOS-Launcher/AndroidManifest-common.xml:175:13-178:29
261                <action android:name="android.intent.action.APPLICATION_PREFERENCES" />
261-->Android-apps/LeOS-Launcher/AndroidManifest-common.xml:176:17-88
261-->Android-apps/LeOS-Launcher/AndroidManifest-common.xml:176:25-85
262
263                <category android:name="android.intent.category.DEFAULT" />
263-->Android-apps/LeOS-Launcher/AndroidManifest-common.xml:177:17-76
263-->Android-apps/LeOS-Launcher/AndroidManifest-common.xml:177:27-73
264            </intent-filter>
265        </activity>
266        <activity
266-->LeOS-Launcher/Omega/AndroidManifest.xml:166:9-171:58
267            android:name="com.saggitt.omega.settings.search.SettingsSearchActivity"
267-->LeOS-Launcher/Omega/AndroidManifest.xml:167:13-84
268            android:autoRemoveFromRecents="true"
268-->LeOS-Launcher/Omega/AndroidManifest.xml:168:13-49
269            android:label="@string/derived_app_name"
269-->LeOS-Launcher/Omega/AndroidManifest.xml:169:13-53
270            android:parentActivityName="com.saggitt.omega.settings.SettingsActivity"
270-->LeOS-Launcher/Omega/AndroidManifest.xml:170:13-85
271            android:theme="@style/SettingsTheme_Light" />
271-->LeOS-Launcher/Omega/AndroidManifest.xml:171:13-55
272        <activity
272-->LeOS-Launcher/Omega/AndroidManifest.xml:173:9-176:58
273            android:name="com.saggitt.omega.preferences.SelectableAppsActivity"
273-->LeOS-Launcher/Omega/AndroidManifest.xml:174:13-80
274            android:autoRemoveFromRecents="true"
274-->LeOS-Launcher/Omega/AndroidManifest.xml:175:13-49
275            android:theme="@style/SettingsTheme_Light" /> <!-- Actions -->
275-->LeOS-Launcher/Omega/AndroidManifest.xml:176:13-55
276        <activity
276-->LeOS-Launcher/Omega/AndroidManifest.xml:179:9-189:20